0 info it worked if it ends with ok
1 verbose cli [ 'node', '/usr/local/bin/npm', 'publish' ]
2 info using npm@1.2.15
3 info using node@v0.10.2
4 verbose publish [ '.' ]
5 verbose read json /Applications/XAMPP/xamppfiles/htdocs/roomsjs-client/node_modules/roomsjs/package.json
6 verbose cache add [ '.', null ]
7 verbose cache add name=undefined spec="." args=[".",null]
8 verbose parsed url { protocol: null,
8 verbose parsed url   slashes: null,
8 verbose parsed url   auth: null,
8 verbose parsed url   host: null,
8 verbose parsed url   port: null,
8 verbose parsed url   hostname: null,
8 verbose parsed url   hash: null,
8 verbose parsed url   search: null,
8 verbose parsed url   query: null,
8 verbose parsed url   pathname: '.',
8 verbose parsed url   path: '.',
8 verbose parsed url   href: '.' }
9 silly lockFile 3a52ce78- .
10 verbose lock . /Users/elad/.npm/3a52ce78-.lock
11 verbose read json package.json
12 verbose tar pack [ '/var/folders/z5/pgz_g5vj0qb135w3lp_lysph0000gn/T/npm-11659/1372972383291-0.2800643569789827/tmp.tgz',
12 verbose tar pack   '.' ]
13 verbose tarball /var/folders/z5/pgz_g5vj0qb135w3lp_lysph0000gn/T/npm-11659/1372972383291-0.2800643569789827/tmp.tgz
14 verbose folder .
15 info prepublish roomsjs@0.0.30-beta32
16 silly lockFile 3a52ce78- .
17 verbose lock . /Users/elad/.npm/3a52ce78-.lock
18 silly lockFile 1fe8eb07-83291-0-2800643569789827-tmp-tgz /var/folders/z5/pgz_g5vj0qb135w3lp_lysph0000gn/T/npm-11659/1372972383291-0.2800643569789827/tmp.tgz
19 verbose lock /var/folders/z5/pgz_g5vj0qb135w3lp_lysph0000gn/T/npm-11659/1372972383291-0.2800643569789827/tmp.tgz /Users/elad/.npm/1fe8eb07-83291-0-2800643569789827-tmp-tgz.lock
20 silly lockFile 3a52ce78- .
21 silly lockFile 3a52ce78- .
22 silly lockFile 1fe8eb07-83291-0-2800643569789827-tmp-tgz /var/folders/z5/pgz_g5vj0qb135w3lp_lysph0000gn/T/npm-11659/1372972383291-0.2800643569789827/tmp.tgz
23 silly lockFile 1fe8eb07-83291-0-2800643569789827-tmp-tgz /var/folders/z5/pgz_g5vj0qb135w3lp_lysph0000gn/T/npm-11659/1372972383291-0.2800643569789827/tmp.tgz
24 verbose tar unpack /var/folders/z5/pgz_g5vj0qb135w3lp_lysph0000gn/T/npm-11659/1372972383291-0.2800643569789827/tmp.tgz
25 silly lockFile fdca097a-83291-0-2800643569789827-package /var/folders/z5/pgz_g5vj0qb135w3lp_lysph0000gn/T/npm-11659/1372972383291-0.2800643569789827/package
26 verbose lock /var/folders/z5/pgz_g5vj0qb135w3lp_lysph0000gn/T/npm-11659/1372972383291-0.2800643569789827/package /Users/elad/.npm/fdca097a-83291-0-2800643569789827-package.lock
27 silly lockFile 1fe8eb07-83291-0-2800643569789827-tmp-tgz /var/folders/z5/pgz_g5vj0qb135w3lp_lysph0000gn/T/npm-11659/1372972383291-0.2800643569789827/tmp.tgz
28 verbose lock /var/folders/z5/pgz_g5vj0qb135w3lp_lysph0000gn/T/npm-11659/1372972383291-0.2800643569789827/tmp.tgz /Users/elad/.npm/1fe8eb07-83291-0-2800643569789827-tmp-tgz.lock
29 silly gunzTarPerm modes [ '755', '644' ]
30 silly gunzTarPerm extractEntry package.json
31 silly gunzTarPerm extractEntry .npmignore
32 silly gunzTarPerm extractEntry README.md
33 silly gunzTarPerm extractEntry LICENSE
34 silly gunzTarPerm extractEntry index.js
35 silly gunzTarPerm extractEntry .travis.yml
36 silly gunzTarPerm extractEntry lib/rooms.js
37 silly gunzTarPerm extractEntry lib/enums/messagetype.js
38 silly gunzTarPerm extractEntry lib/transporter/engineio.js
39 silly gunzTarPerm extractEntry lib/transporter/socketio.js
40 silly gunzTarPerm extractEntry lib/transporter/sockjs.js
41 silly gunzTarPerm extractEntry lib/utils/basketutil.js
42 verbose read json /var/folders/z5/pgz_g5vj0qb135w3lp_lysph0000gn/T/npm-11659/1372972383291-0.2800643569789827/package/package.json
43 silly lockFile fdca097a-83291-0-2800643569789827-package /var/folders/z5/pgz_g5vj0qb135w3lp_lysph0000gn/T/npm-11659/1372972383291-0.2800643569789827/package
44 silly lockFile fdca097a-83291-0-2800643569789827-package /var/folders/z5/pgz_g5vj0qb135w3lp_lysph0000gn/T/npm-11659/1372972383291-0.2800643569789827/package
45 silly lockFile 1fe8eb07-83291-0-2800643569789827-tmp-tgz /var/folders/z5/pgz_g5vj0qb135w3lp_lysph0000gn/T/npm-11659/1372972383291-0.2800643569789827/tmp.tgz
46 silly lockFile 1fe8eb07-83291-0-2800643569789827-tmp-tgz /var/folders/z5/pgz_g5vj0qb135w3lp_lysph0000gn/T/npm-11659/1372972383291-0.2800643569789827/tmp.tgz
47 verbose from cache /var/folders/z5/pgz_g5vj0qb135w3lp_lysph0000gn/T/npm-11659/1372972383291-0.2800643569789827/package/package.json
48 verbose tar pack [ '/Users/elad/.npm/roomsjs/0.0.30-beta32/package.tgz',
48 verbose tar pack   '/var/folders/z5/pgz_g5vj0qb135w3lp_lysph0000gn/T/npm-11659/1372972383291-0.2800643569789827/package' ]
49 verbose tarball /Users/elad/.npm/roomsjs/0.0.30-beta32/package.tgz
50 verbose folder /var/folders/z5/pgz_g5vj0qb135w3lp_lysph0000gn/T/npm-11659/1372972383291-0.2800643569789827/package
51 silly lockFile fdca097a-83291-0-2800643569789827-package /var/folders/z5/pgz_g5vj0qb135w3lp_lysph0000gn/T/npm-11659/1372972383291-0.2800643569789827/package
52 verbose lock /var/folders/z5/pgz_g5vj0qb135w3lp_lysph0000gn/T/npm-11659/1372972383291-0.2800643569789827/package /Users/elad/.npm/fdca097a-83291-0-2800643569789827-package.lock
53 silly lockFile 321786a7-oomsjs-0-0-30-beta32-package-tgz /Users/elad/.npm/roomsjs/0.0.30-beta32/package.tgz
54 verbose lock /Users/elad/.npm/roomsjs/0.0.30-beta32/package.tgz /Users/elad/.npm/321786a7-oomsjs-0-0-30-beta32-package-tgz.lock
55 silly lockFile fdca097a-83291-0-2800643569789827-package /var/folders/z5/pgz_g5vj0qb135w3lp_lysph0000gn/T/npm-11659/1372972383291-0.2800643569789827/package
56 silly lockFile fdca097a-83291-0-2800643569789827-package /var/folders/z5/pgz_g5vj0qb135w3lp_lysph0000gn/T/npm-11659/1372972383291-0.2800643569789827/package
57 silly lockFile 321786a7-oomsjs-0-0-30-beta32-package-tgz /Users/elad/.npm/roomsjs/0.0.30-beta32/package.tgz
58 silly lockFile 321786a7-oomsjs-0-0-30-beta32-package-tgz /Users/elad/.npm/roomsjs/0.0.30-beta32/package.tgz
59 silly lockFile bb9ae8f9-pm-roomsjs-0-0-30-beta32-package /Users/elad/.npm/roomsjs/0.0.30-beta32/package
60 verbose lock /Users/elad/.npm/roomsjs/0.0.30-beta32/package /Users/elad/.npm/bb9ae8f9-pm-roomsjs-0-0-30-beta32-package.lock
61 silly lockFile bb9ae8f9-pm-roomsjs-0-0-30-beta32-package /Users/elad/.npm/roomsjs/0.0.30-beta32/package
62 silly lockFile bb9ae8f9-pm-roomsjs-0-0-30-beta32-package /Users/elad/.npm/roomsjs/0.0.30-beta32/package
63 verbose tar unpack /Users/elad/.npm/roomsjs/0.0.30-beta32/package.tgz
64 silly lockFile bb9ae8f9-pm-roomsjs-0-0-30-beta32-package /Users/elad/.npm/roomsjs/0.0.30-beta32/package
65 verbose lock /Users/elad/.npm/roomsjs/0.0.30-beta32/package /Users/elad/.npm/bb9ae8f9-pm-roomsjs-0-0-30-beta32-package.lock
66 silly lockFile 321786a7-oomsjs-0-0-30-beta32-package-tgz /Users/elad/.npm/roomsjs/0.0.30-beta32/package.tgz
67 verbose lock /Users/elad/.npm/roomsjs/0.0.30-beta32/package.tgz /Users/elad/.npm/321786a7-oomsjs-0-0-30-beta32-package-tgz.lock
68 silly gunzTarPerm modes [ '755', '644' ]
69 silly gunzTarPerm extractEntry package.json
70 silly gunzTarPerm extractEntry .npmignore
71 silly gunzTarPerm extractEntry README.md
72 silly gunzTarPerm extractEntry LICENSE
73 silly gunzTarPerm extractEntry index.js
74 silly gunzTarPerm extractEntry .travis.yml
75 silly gunzTarPerm extractEntry lib/rooms.js
76 silly gunzTarPerm extractEntry lib/enums/messagetype.js
77 silly gunzTarPerm extractEntry lib/transporter/engineio.js
78 silly gunzTarPerm extractEntry lib/transporter/socketio.js
79 silly gunzTarPerm extractEntry lib/transporter/sockjs.js
80 silly gunzTarPerm extractEntry lib/utils/basketutil.js
81 verbose read json /Users/elad/.npm/roomsjs/0.0.30-beta32/package/package.json
82 silly lockFile bb9ae8f9-pm-roomsjs-0-0-30-beta32-package /Users/elad/.npm/roomsjs/0.0.30-beta32/package
83 silly lockFile bb9ae8f9-pm-roomsjs-0-0-30-beta32-package /Users/elad/.npm/roomsjs/0.0.30-beta32/package
84 silly lockFile 321786a7-oomsjs-0-0-30-beta32-package-tgz /Users/elad/.npm/roomsjs/0.0.30-beta32/package.tgz
85 silly lockFile 321786a7-oomsjs-0-0-30-beta32-package-tgz /Users/elad/.npm/roomsjs/0.0.30-beta32/package.tgz
86 silly shasum updated bytes 7049
87 info shasum c97fe490dc7494cdf8d88f27fa60ba5c9fd75674
87 info shasum /Users/elad/.npm/roomsjs/0.0.30-beta32/package.tgz
88 verbose from cache /Users/elad/.npm/roomsjs/0.0.30-beta32/package/package.json
89 verbose chmod /Users/elad/.npm/roomsjs/0.0.30-beta32/package.tgz 644
90 verbose chown /Users/elad/.npm/roomsjs/0.0.30-beta32/package.tgz [ 501, 20 ]
91 silly lockFile 3a52ce78- .
92 silly publish { name: 'roomsjs',
92 silly publish   version: '0.0.30-beta32',
92 silly publish   description: 'JavaScript Node.JS module for creating rooms and streaming data between front-end and back-end',
92 silly publish   main: 'index.js',
92 silly publish   scripts: { test: 'listenToRoomEvents' },
92 silly publish   repository: { type: 'git', url: 'https://github.com/EladElrom/RoomsJS.git' },
92 silly publish   dependencies: { 'socket.io': '0.8.7', 'engine.io': '~0.6.3', sockjs: '~0.3.7' },
92 silly publish   keywords: [ 'roomsjs', 'rooms', 'collaboration' ],
92 silly publish   author: { name: 'Elad Elrom' },
92 silly publish   license: 'BSD',
92 silly publish   readme: '# roomsjs - streaming live data built to support different transporters\n\n[![Build Status](https://secure.travis-ci.org/EladElrom/roomsjs-client.png)](http://travis-ci.org/EladElrom/roomsjs-client)\n[![NPM version](https://badge.fury.io/js/roomsjs.png)](http://badge.fury.io/js/roomsjs)\n\nA Javascript Node.JS module, provides a way to switch different transporters for creating rooms and streaming data between users, streaming data from a database and even stream from CDNs.\n`roomsjs`, `roomsdb` and `roomsjs-client` together combine a powerful light-weight backend/front-end libraries built to stream live data and solve same problems related to realtime communications, stream data from a database and even stream 3rd party APIs.\n\nNode.js technology still relatively young and memory leaks were found in `socket.io` and issues around `engine.io`\'s `Websocket` transporter on certain `nodejs` version such as memory leaks.\nIn these cases, you could just switch and use `SockJS` in this module or whatever will come next in the future.\n\nThe idea is to solve the problem by allowing using different transporters and modify client implementation instead of having to do an open heart surgery when you are already committed to one transporter or another.\n`socket.io` underline high level API is `engine.io`, but there are cases where you want to have the `socket.io` for emitter event functionality for instance.  `rooms.js` is a lower level API, just like `socket.io`, however it\'s lighter weight and doesn\'t have the sugar and all the bell and whistle of `socket.io`.\n\nIt has features such as:\n\n    1. Connect to a room\n    2. Register a user\n    2. Request number of users\n    3. Private message\n    4. Video\n    5. Create multiple rooms\n    6. Store states.\n    7. Subscribe to data VO.\n    8. AMS Flash Webcam fallback\n    9. HTML5 Webcam\n    10. Database connector (such as mysql).\n    11. Switch different transporters: currently supporting `socket.io`, `engine.io` and `SockJS`.\n\n## Installation\n\n  Install with the Node.JS package manager npm:\n\n      $ npm install roomsjs\n      $ npm install rooms.db\n\nDownload the front-end min file:\n[https://raw.github.com/EladElrom/roomsjs-client/master/client/dist/libs/rooms.min.js](https://raw.github.com/EladElrom/roomsjs-client/master/client/dist/libs/rooms.min.js)\n\nExamples of front-end implementation of `rooms`:\n\n> client/js/components\n\n## Example\n\nBack-end code to create the rooms services and connect to database and/or 3rd party APIs for streaming;\n\n<pre lang="javascript"><code>\nvar os          = require(\'os\'),\n    rooms       = require(\'roomsjs\'),\n    roomdb      = require(\'rooms.db\'),\n    port        = (process.env.PORT || 8081);\n\n// create express server if needed\nvar express     = require(\'express\'),\n    app         = express().use(express.static(__dirname + \'/client\'));\n\n// create server\nvar server = require(\'http\').createServer(app).listen(port, function () {\n        console.log(\'Listening on http://\' + os.hostname() + \':\' + port);\n    });\n\n// services\nroomdb.setServices(\'services_sample/\');\n// connect database/s if needed\nroomdb.connectToDatabase(\'mysql\', \'localhost\', \'root\', \'\');\n\n// set rooms\nrooms = new rooms({\n    isdebug : true,\n    transporter : {\n        type: \'socket.io\',\n        server : server\n    },\n    roomdb : roomdb /* or null */\n});\n</code></pre>\n\nTo set `engine.io` as the transporter use:\n\n<pre lang="javascript">\n      rooms = new rooms({\n          isdebug : true,\n          transporter : {\n              type: \'engine.io\',\n              server : server\n          },\n          roomdb : roomdb\n      });\n</pre>\n\nTo set `sockjs` as the transporter, just add `0.0.0.0` to server listener and use `sockjs` as the transporter type;\n\n<pre lang="javascript">\nvar os          = require(\'os\'),\n    rooms       = require(\'roomsjs\'),\n    roomdb      = require(\'rooms.db\'),\n    port        = (process.env.PORT || 8081);\n\n// create express server if needed\nvar express     = require(\'express\'),\n    app         = express().use(express.static(__dirname + \'/client\'));\n\n// create server\nvar server = require(\'http\').createServer(app).listen(port, \'0.0.0.0\');\n\n// services\nroomdb.setServices(\'services_sample/\');\n// connect database/s if needed\nroomdb.connectToDatabase(\'mysql\', \'localhost\', \'root\', \'\');\n\n// set rooms\nrooms = new rooms({\n    isdebug : true,\n    transporter : {\n        type: \'sockjs\',\n        server : server\n    },\n    roomdb : roomdb /* or null */\n});\n</pre>\n\nFront-end example of getting the number of visitors and data from external sources:\n\n<pre lang="html">\n<code>\n&#60;html&#62;\n&#60;head&#62;\n    &#60;script type="text/javascript" src="libs/jquery.min.js"&#62;&#60;/script&#62;\n    &#60;script type="text/javascript" src="/socket.io/socket.io.js"&#62;&#60;/script&#62;\n    &#60;script type="text/javascript" src="../../dist/libs/rooms.js"&#62;&#60;/script&#62;\n    &#60;script type="text/javascript" src="libs/autostartcontroller.js"&#62;&#60;/script&#62;\n&#60;body&#62;\n    &#60;button id="getResultsButton"&#62;Get results&#60;/button&#62;\n    &#60;div id="visitors" /&#62;\n&#60;/body&#62;\n&#60;/html&#62;\n</code>\n</pre>\n\nExample of streaming a pod consists of live camera feeds and text comment feed between different users on a page and dragging the pods;\n\n<pre lang="html"><code>\n&#60;html&#62;\n&#60;head&#62;\n    &#60;script type="text/javascript" src="libs/jquery.min.js"&#62;&#60;/script&#62;\n    &#60;script type="text/javascript" src="libs/jquery-ui.js"&#62;&#60;/script&#62;\n    &#60;script type="text/javascript" src="libs/swfobject.js"&#62;&#60;/script&#62;\n    &#60;script type="text/javascript" src="/socket.io/socket.io.js"&#62;&#60;/script&#62;\n    &#60;script type="text/javascript" src="../../dist/libs/rooms.js"&#62;&#60;/script&#62;\n    &#60;script type="text/javascript" src="libs/controller.js"&#62;&#60;/script&#62;\n    &#60;script type="text/javascript" src="libs/model/vo/clientvo.js"&#62;&#60;/script&#62;\n\n&#60;body&#62;\n&#60;div class="well" style="float: right; width: 300px; height: 300px; border: 1px solid #999;"&#62;\n    Click to start/stop dragging\n    &#60;button id="grabAllPodsButton"&#62;Grab all pods&#60;/button&#62;\n&#60;/div&#62;\n&#60;div id="visitors" /&#62;\n&#60;/body&#62;\n&#60;/html&#62;\n</code></pre>\n\n## Docs:\n\nBelow is a ten thousand foot diagram that shows how the different pieces of the platform are coming together.\n\n![backend diagram](https://raw.github.com/EladElrom/poet/ei-pages/effectiveidea/public/images/roomsjs-diagram1.png)\n<br><br>\n\nSee more information here about init concept read here: [http://effectiveidea.com/_posts/roomsjs](http://effectiveidea.com/_posts/roomsjs)\n<br><br>\n\n## LICENSE\n\nBSD license.\n\n',
92 silly publish   readmeFilename: 'README.md',
92 silly publish   _id: 'roomsjs@0.0.30-beta32',
92 silly publish   dist: { shasum: 'c97fe490dc7494cdf8d88f27fa60ba5c9fd75674' },
92 silly publish   _from: '.' }
93 verbose url raw roomsjs
94 verbose url resolving [ 'https://registry.npmjs.org/', './roomsjs' ]
95 verbose url resolved https://registry.npmjs.org/roomsjs
96 info trying registry request attempt 1 at 17:13:14
97 http PUT https://registry.npmjs.org/roomsjs
98 http 409 https://registry.npmjs.org/roomsjs
99 verbose url raw roomsjs
100 verbose url resolving [ 'https://registry.npmjs.org/', './roomsjs' ]
101 verbose url resolved https://registry.npmjs.org/roomsjs
102 info trying registry request attempt 1 at 17:13:16
103 http GET https://registry.npmjs.org/roomsjs
104 http 200 https://registry.npmjs.org/roomsjs
105 error publish fail Cannot publish over existing version.
105 error publish fail Update the 'version' field in package.json and try again.
105 error publish fail
105 error publish fail If the previous version was published in error, see:
105 error publish fail     npm help unpublish
105 error publish fail
105 error publish fail To automatically increment version numbers, see:
105 error publish fail     npm help version
106 error System Darwin 12.4.0
107 error command "node" "/usr/local/bin/npm" "publish"
108 error cwd /Applications/XAMPP/xamppfiles/htdocs/roomsjs-client/node_modules/roomsjs
109 error node -v v0.10.2
110 error npm -v 1.2.15
111 error code EPUBLISHCONFLICT
112 verbose exit [ 1, true ]
